Analysis & Synthesis report for cpu
Wed Mar 31 07:50:43 2021
Quartus II 64-Bit Version 13.1.0 Build 162 10/23/2013 SJ Web Edition


---------------------
; Table of Contents ;
---------------------
  1. Legal Notice
  2. Analysis & Synthesis Summary
  3. Analysis & Synthesis Settings
  4. Parallel Compilation
  5. Analysis & Synthesis Source Files Read
  6. Analysis & Synthesis Resource Usage Summary
  7. Analysis & Synthesis Resource Utilization by Entity
  8. State Machine - |cpu|control_unit:U1|current_state
  9. User-Specified and Inferred Latches
 10. Registers Removed During Synthesis
 11. General Register Statistics
 12. Multiplexer Restructuring Statistics (Restructuring Performed)
 13. Elapsed Time Per Partition
 14. Analysis & Synthesis Messages



----------------
; Legal Notice ;
----------------
Copyright (C) 1991-2013 Altera Corporation
Your use of Altera Corporation's design tools, logic functions 
and other software and tools, and its AMPP partner logic 
functions, and any output files from any of the foregoing 
(including device programming or simulation files), and any 
associated documentation or information are expressly subject 
to the terms and conditions of the Altera Program License 
Subscription Agreement, Altera MegaCore Function License 
Agreement, or other applicable license agreement, including, 
without limitation, that your use is for the sole purpose of 
programming logic devices manufactured by Altera and sold by 
Altera or its authorized distributors.  Please refer to the 
applicable agreement for further details.



+---------------------------------------------------------------------------------+
; Analysis & Synthesis Summary                                                    ;
+------------------------------------+--------------------------------------------+
; Analysis & Synthesis Status        ; Successful - Wed Mar 31 07:50:43 2021      ;
; Quartus II 64-Bit Version          ; 13.1.0 Build 162 10/23/2013 SJ Web Edition ;
; Revision Name                      ; cpu                                        ;
; Top-level Entity Name              ; cpu                                        ;
; Family                             ; Cyclone III                                ;
; Total logic elements               ; 29                                         ;
;     Total combinational functions  ; 21                                         ;
;     Dedicated logic registers      ; 20                                         ;
; Total registers                    ; 20                                         ;
; Total pins                         ; 27                                         ;
; Total virtual pins                 ; 0                                          ;
; Total memory bits                  ; 0                                          ;
; Embedded Multiplier 9-bit elements ; 0                                          ;
; Total PLLs                         ; 0                                          ;
+------------------------------------+--------------------------------------------+


+----------------------------------------------------------------------------------------------------------------------+
; Analysis & Synthesis Settings                                                                                        ;
+----------------------------------------------------------------------------+--------------------+--------------------+
; Option                                                                     ; Setting            ; Default Value      ;
+----------------------------------------------------------------------------+--------------------+--------------------+
; Device                                                                     ; EP3C5E144C7        ;                    ;
; Top-level entity name                                                      ; cpu                ; cpu                ;
; Family name                                                                ; Cyclone III        ; Cyclone IV GX      ;
; Use smart compilation                                                      ; Off                ; Off                ;
; Enable parallel Assembler and TimeQuest Timing Analyzer during compilation ; On                 ; On                 ;
; Enable compact report table                                                ; Off                ; Off                ;
; Restructure Multiplexers                                                   ; Auto               ; Auto               ;
; Create Debugging Nodes for IP Cores                                        ; Off                ; Off                ;
; Preserve fewer node names                                                  ; On                 ; On                 ;
; Disable OpenCore Plus hardware evaluation                                  ; Off                ; Off                ;
; Verilog Version                                                            ; Verilog_2001       ; Verilog_2001       ;
; VHDL Version                                                               ; VHDL_1993          ; VHDL_1993          ;
; State Machine Processing                                                   ; Auto               ; Auto               ;
; Safe State Machine                                                         ; Off                ; Off                ;
; Extract Verilog State Machines                                             ; On                 ; On                 ;
; Extract VHDL State Machines                                                ; On                 ; On                 ;
; Ignore Verilog initial constructs                                          ; Off                ; Off                ;
; Iteration limit for constant Verilog loops                                 ; 5000               ; 5000               ;
; Iteration limit for non-constant Verilog loops                             ; 250                ; 250                ;
; Add Pass-Through Logic to Inferred RAMs                                    ; On                 ; On                 ;
; Infer RAMs from Raw Logic                                                  ; On                 ; On                 ;
; Parallel Synthesis                                                         ; On                 ; On                 ;
; DSP Block Balancing                                                        ; Auto               ; Auto               ;
; NOT Gate Push-Back                                                         ; On                 ; On                 ;
; Power-Up Don't Care                                                        ; On                 ; On                 ;
; Remove Redundant Logic Cells                                               ; Off                ; Off                ;
; Remove Duplicate Registers                                                 ; On                 ; On                 ;
; Ignore CARRY Buffers                                                       ; Off                ; Off                ;
; Ignore CASCADE Buffers                                                     ; Off                ; Off                ;
; Ignore GLOBAL Buffers                                                      ; Off                ; Off                ;
; Ignore ROW GLOBAL Buffers                                                  ; Off                ; Off                ;
; Ignore LCELL Buffers                                                       ; Off                ; Off                ;
; Ignore SOFT Buffers                                                        ; On                 ; On                 ;
; Limit AHDL Integers to 32 Bits                                             ; Off                ; Off                ;
; Optimization Technique                                                     ; Balanced           ; Balanced           ;
; Carry Chain Length                                                         ; 70                 ; 70                 ;
; Auto Carry Chains                                                          ; On                 ; On                 ;
; Auto Open-Drain Pins                                                       ; On                 ; On                 ;
; Perform WYSIWYG Primitive Resynthesis                                      ; Off                ; Off                ;
; Auto ROM Replacement                                                       ; On                 ; On                 ;
; Auto RAM Replacement                                                       ; On                 ; On                 ;
; Auto DSP Block Replacement                                                 ; On                 ; On                 ;
; Auto Shift Register Replacement                                            ; Auto               ; Auto               ;
; Allow Shift Register Merging across Hierarchies                            ; Auto               ; Auto               ;
; Auto Clock Enable Replacement                                              ; On                 ; On                 ;
; Strict RAM Replacement                                                     ; Off                ; Off                ;
; Allow Synchronous Control Signals                                          ; On                 ; On                 ;
; Force Use of Synchronous Clear Signals                                     ; Off                ; Off                ;
; Auto RAM Block Balancing                                                   ; On                 ; On                 ;
; Auto RAM to Logic Cell Conversion                                          ; Off                ; Off                ;
; Auto Resource Sharing                                                      ; Off                ; Off                ;
; Allow Any RAM Size For Recognition                                         ; Off                ; Off                ;
; Allow Any ROM Size For Recognition                                         ; Off                ; Off                ;
; Allow Any Shift Register Size For Recognition                              ; Off                ; Off                ;
; Use LogicLock Constraints during Resource Balancing                        ; On                 ; On                 ;
; Ignore translate_off and synthesis_off directives                          ; Off                ; Off                ;
; Timing-Driven Synthesis                                                    ; On                 ; On                 ;
; Report Parameter Settings                                                  ; On                 ; On                 ;
; Report Source Assignments                                                  ; On                 ; On                 ;
; Report Connectivity Checks                                                 ; On                 ; On                 ;
; Ignore Maximum Fan-Out Assignments                                         ; Off                ; Off                ;
; Synchronization Register Chain Length                                      ; 2                  ; 2                  ;
; PowerPlay Power Optimization                                               ; Normal compilation ; Normal compilation ;
; HDL message level                                                          ; Level2             ; Level2             ;
; Suppress Register Optimization Related Messages                            ; Off                ; Off                ;
; Number of Removed Registers Reported in Synthesis Report                   ; 5000               ; 5000               ;
; Number of Swept Nodes Reported in Synthesis Report                         ; 5000               ; 5000               ;
; Number of Inverted Registers Reported in Synthesis Report                  ; 100                ; 100                ;
; Clock MUX Protection                                                       ; On                 ; On                 ;
; Auto Gated Clock Conversion                                                ; Off                ; Off                ;
; Block Design Naming                                                        ; Auto               ; Auto               ;
; SDC constraint protection                                                  ; Off                ; Off                ;
; Synthesis Effort                                                           ; Auto               ; Auto               ;
; Shift Register Replacement - Allow Asynchronous Clear Signal               ; On                 ; On                 ;
; Pre-Mapping Resynthesis Optimization                                       ; Off                ; Off                ;
; Analysis & Synthesis Message Level                                         ; Medium             ; Medium             ;
; Disable Register Merging Across Hierarchies                                ; Auto               ; Auto               ;
; Resource Aware Inference For Block RAM                                     ; On                 ; On                 ;
; Synthesis Seed                                                             ; 1                  ; 1                  ;
+----------------------------------------------------------------------------+--------------------+--------------------+


+------------------------------------------+
; Parallel Compilation                     ;
+----------------------------+-------------+
; Processors                 ; Number      ;
+----------------------------+-------------+
; Number detected on machine ; 8           ;
; Maximum allowed            ; 4           ;
;                            ;             ;
; Average used               ; 1.00        ;
; Maximum used               ; 2           ;
;                            ;             ;
; Usage by Processor         ; % Time Used ;
;     Processor 1            ; 100.0%      ;
;     Processor 2            ; < 0.1%      ;
;     Processors 3-8         ;   0.0%      ;
+----------------------------+-------------+


+----------------------------------------------------------------------------------------------------------------------------------------------------+
; Analysis & Synthesis Source Files Read                                                                                                             ;
+----------------------------------+-----------------+-----------------+-------------------------------------------------------------------+---------+
; File Name with User-Entered Path ; Used in Netlist ; File Type       ; File Name with Absolute Path                                      ; Library ;
+----------------------------------+-----------------+-----------------+-------------------------------------------------------------------+---------+
; ../ALU/alu.vhd                   ; yes             ; User VHDL File  ; C:/altera/13.1/Digitales2/Proyecto1/ALU/alu.vhd                   ;         ;
; ../Data_Path/data_path.vhd       ; yes             ; User VHDL File  ; C:/altera/13.1/Digitales2/Proyecto1/Data_Path/data_path.vhd       ;         ;
; ../Control_Unit/control_unit.vhd ; yes             ; User VHDL File  ; C:/altera/13.1/Digitales2/Proyecto1/Control_Unit/control_unit.vhd ;         ;
; cpu.vhd                          ; yes             ; User VHDL File  ; C:/altera/13.1/Digitales2/Proyecto1/CPU/cpu.vhd                   ;         ;
+----------------------------------+-----------------+-----------------+-------------------------------------------------------------------+---------+


+-----------------------------------------------------------+
; Analysis & Synthesis Resource Usage Summary               ;
+---------------------------------------------+-------------+
; Resource                                    ; Usage       ;
+---------------------------------------------+-------------+
; Estimated Total logic elements              ; 29          ;
;                                             ;             ;
; Total combinational functions               ; 21          ;
; Logic element usage by number of LUT inputs ;             ;
;     -- 4 input functions                    ; 4           ;
;     -- 3 input functions                    ; 8           ;
;     -- <=2 input functions                  ; 9           ;
;                                             ;             ;
; Logic elements by mode                      ;             ;
;     -- normal mode                          ; 15          ;
;     -- arithmetic mode                      ; 6           ;
;                                             ;             ;
; Total registers                             ; 20          ;
;     -- Dedicated logic registers            ; 20          ;
;     -- I/O registers                        ; 0           ;
;                                             ;             ;
; I/O pins                                    ; 27          ;
; Embedded Multiplier 9-bit elements          ; 0           ;
; Maximum fan-out node                        ; clock~input ;
; Maximum fan-out                             ; 20          ;
; Total fan-out                               ; 174         ;
; Average fan-out                             ; 1.83        ;
+---------------------------------------------+-------------+


+------------------------------------------------------------------------------------------------------------------------------------------------------------------------------+
; Analysis & Synthesis Resource Utilization by Entity                                                                                                                          ;
+----------------------------+-------------------+--------------+-------------+--------------+---------+-----------+------+--------------+----------------------+--------------+
; Compilation Hierarchy Node ; LC Combinationals ; LC Registers ; Memory Bits ; DSP Elements ; DSP 9x9 ; DSP 18x18 ; Pins ; Virtual Pins ; Full Hierarchy Name  ; Library Name ;
+----------------------------+-------------------+--------------+-------------+--------------+---------+-----------+------+--------------+----------------------+--------------+
; |cpu                       ; 21 (0)            ; 20 (0)       ; 0           ; 0            ; 0       ; 0         ; 27   ; 0            ; |cpu                 ; work         ;
;    |control_unit:U1|       ; 13 (13)           ; 4 (4)        ; 0           ; 0            ; 0       ; 0         ; 0    ; 0            ; |cpu|control_unit:U1 ; work         ;
;    |data_path:U2|          ; 8 (8)             ; 16 (16)      ; 0           ; 0            ; 0       ; 0         ; 0    ; 0            ; |cpu|data_path:U2    ; work         ;
+----------------------------+-------------------+--------------+-------------+--------------+---------+-----------+------+--------------+----------------------+--------------+
Note: For table entries with two numbers listed, the numbers in parentheses indicate the number of resources of the given type used by the specific entity alone. The numbers listed outside of parentheses indicate the total resources of the given type used by the specific entity and all of its sub-entities in the hierarchy.


Encoding Type:  One-Hot
+---------------------------------------------------------------------------------------------------------------------------------------------------------------------------------------------------------------------------------------------------------------------------------------------------------------------------------------------------------------------------------------------------------------------------------------------------------------------------------------------------------------------------------------------------------------------------------------------------------------------------------------------------------------------------------------------------------------------------------------------------------------------------------------------------------------------------------------------------------------------------------------------------------------------------------------------------------------------------------------------------------------------------------------+
; State Machine - |cpu|control_unit:U1|current_state                                                                                                                                                                                                                                                                                                                                                                                                                                                                                                                                                                                                                                                                                                                                                                                                                                                                                                                                                                                    ;
+---------------------------+-----------------------+-----------------------+-----------------------+-----------------------+-----------------------+-----------------------+-----------------------+--------------------------+---------------------------+---------------------------+---------------------------+---------------------------+---------------------------+---------------------------+---------------------------+---------------------------+---------------------------+---------------------------+---------------------------+---------------------------+---------------------------+---------------------------+---------------------------+---------------------------+---------------------------+---------------------------+---------------------------+---------------------------+---------------------------+---------------------------+---------------------------+---------------------------+--------------------------+-------------------------+-------------------------+-------------------------+
; Name                      ; current_state.S_BEQ_7 ; current_state.S_BEQ_6 ; current_state.S_BEQ_5 ; current_state.S_BEQ_4 ; current_state.S_BRA_6 ; current_state.S_BRA_5 ; current_state.S_BRA_4 ; current_state.S_ADD_AB_4 ; current_state.S_STB_DIR_7 ; current_state.S_STB_DIR_6 ; current_state.S_STB_DIR_5 ; current_state.S_STB_DIR_4 ; current_state.S_STA_DIR_7 ; current_state.S_STA_DIR_6 ; current_state.S_STA_DIR_5 ; current_state.S_STA_DIR_4 ; current_state.S_LDB_DIR_8 ; current_state.S_LDB_DIR_7 ; current_state.S_LDB_DIR_6 ; current_state.S_LDB_DIR_5 ; current_state.S_LDB_DIR_4 ; current_state.S_LDB_IMM_6 ; current_state.S_LDB_IMM_5 ; current_state.S_LDB_IMM_4 ; current_state.S_LDA_DIR_8 ; current_state.S_LDA_DIR_7 ; current_state.S_LDA_DIR_6 ; current_state.S_LDA_DIR_5 ; current_state.S_LDA_DIR_4 ; current_state.S_LDA_IMM_6 ; current_state.S_LDA_IMM_5 ; current_state.S_LDA_IMM_4 ; current_state.S_DECODE_3 ; current_state.S_FETCH_2 ; current_state.S_FETCH_1 ; current_state.S_FETCH_0 ;
+---------------------------+-----------------------+-----------------------+-----------------------+-----------------------+-----------------------+-----------------------+-----------------------+--------------------------+---------------------------+---------------------------+---------------------------+---------------------------+---------------------------+---------------------------+---------------------------+---------------------------+---------------------------+---------------------------+---------------------------+---------------------------+---------------------------+---------------------------+---------------------------+---------------------------+---------------------------+---------------------------+---------------------------+---------------------------+---------------------------+---------------------------+---------------------------+---------------------------+--------------------------+-------------------------+-------------------------+-------------------------+
; current_state.S_FETCH_0   ; 0                     ; 0                     ; 0                     ; 0                     ; 0                     ; 0                     ; 0                     ; 0                        ; 0                         ; 0                         ; 0                         ; 0                         ; 0                         ; 0                         ; 0                         ; 0                         ; 0                         ; 0                         ; 0                         ; 0                         ; 0                         ; 0                         ; 0                         ; 0                         ; 0                         ; 0                         ; 0                         ; 0                         ; 0                         ; 0                         ; 0                         ; 0                         ; 0                        ; 0                       ; 0                       ; 0                       ;
; current_state.S_FETCH_1   ; 0                     ; 0                     ; 0                     ; 0                     ; 0                     ; 0                     ; 0                     ; 0                        ; 0                         ; 0                         ; 0                         ; 0                         ; 0                         ; 0                         ; 0                         ; 0                         ; 0                         ; 0                         ; 0                         ; 0                         ; 0                         ; 0                         ; 0                         ; 0                         ; 0                         ; 0                         ; 0                         ; 0                         ; 0                         ; 0                         ; 0                         ; 0                         ; 0                        ; 0                       ; 1                       ; 1                       ;
; current_state.S_FETCH_2   ; 0                     ; 0                     ; 0                     ; 0                     ; 0                     ; 0                     ; 0                     ; 0                        ; 0                         ; 0                         ; 0                         ; 0                         ; 0                         ; 0                         ; 0                         ; 0                         ; 0                         ; 0                         ; 0                         ; 0                         ; 0                         ; 0                         ; 0                         ; 0                         ; 0                         ; 0                         ; 0                         ; 0                         ; 0                         ; 0                         ; 0                         ; 0                         ; 0                        ; 1                       ; 0                       ; 1                       ;
; current_state.S_DECODE_3  ; 0                     ; 0                     ; 0                     ; 0                     ; 0                     ; 0                     ; 0                     ; 0                        ; 0                         ; 0                         ; 0                         ; 0                         ; 0                         ; 0                         ; 0                         ; 0                         ; 0                         ; 0                         ; 0                         ; 0                         ; 0                         ; 0                         ; 0                         ; 0                         ; 0                         ; 0                         ; 0                         ; 0                         ; 0                         ; 0                         ; 0                         ; 0                         ; 1                        ; 0                       ; 0                       ; 1                       ;
; current_state.S_LDA_IMM_4 ; 0                     ; 0                     ; 0                     ; 0                     ; 0                     ; 0                     ; 0                     ; 0                        ; 0                         ; 0                         ; 0                         ; 0                         ; 0                         ; 0                         ; 0                         ; 0                         ; 0                         ; 0                         ; 0                         ; 0                         ; 0                         ; 0                         ; 0                         ; 0                         ; 0                         ; 0                         ; 0                         ; 0                         ; 0                         ; 0                         ; 0                         ; 1                         ; 0                        ; 0                       ; 0                       ; 1                       ;
; current_state.S_LDA_IMM_5 ; 0                     ; 0                     ; 0                     ; 0                     ; 0                     ; 0                     ; 0                     ; 0                        ; 0                         ; 0                         ; 0                         ; 0                         ; 0                         ; 0                         ; 0                         ; 0                         ; 0                         ; 0                         ; 0                         ; 0                         ; 0                         ; 0                         ; 0                         ; 0                         ; 0                         ; 0                         ; 0                         ; 0                         ; 0                         ; 0                         ; 1                         ; 0                         ; 0                        ; 0                       ; 0                       ; 1                       ;
; current_state.S_LDA_IMM_6 ; 0                     ; 0                     ; 0                     ; 0                     ; 0                     ; 0                     ; 0                     ; 0                        ; 0                         ; 0                         ; 0                         ; 0                         ; 0                         ; 0                         ; 0                         ; 0                         ; 0                         ; 0                         ; 0                         ; 0                         ; 0                         ; 0                         ; 0                         ; 0                         ; 0                         ; 0                         ; 0                         ; 0                         ; 0                         ; 1                         ; 0                         ; 0                         ; 0                        ; 0                       ; 0                       ; 1                       ;
; current_state.S_LDA_DIR_4 ; 0                     ; 0                     ; 0                     ; 0                     ; 0                     ; 0                     ; 0                     ; 0                        ; 0                         ; 0                         ; 0                         ; 0                         ; 0                         ; 0                         ; 0                         ; 0                         ; 0                         ; 0                         ; 0                         ; 0                         ; 0                         ; 0                         ; 0                         ; 0                         ; 0                         ; 0                         ; 0                         ; 0                         ; 1                         ; 0                         ; 0                         ; 0                         ; 0                        ; 0                       ; 0                       ; 1                       ;
; current_state.S_LDA_DIR_5 ; 0                     ; 0                     ; 0                     ; 0                     ; 0                     ; 0                     ; 0                     ; 0                        ; 0                         ; 0                         ; 0                         ; 0                         ; 0                         ; 0                         ; 0                         ; 0                         ; 0                         ; 0                         ; 0                         ; 0                         ; 0                         ; 0                         ; 0                         ; 0                         ; 0                         ; 0                         ; 0                         ; 1                         ; 0                         ; 0                         ; 0                         ; 0                         ; 0                        ; 0                       ; 0                       ; 1                       ;
; current_state.S_LDA_DIR_6 ; 0                     ; 0                     ; 0                     ; 0                     ; 0                     ; 0                     ; 0                     ; 0                        ; 0                         ; 0                         ; 0                         ; 0                         ; 0                         ; 0                         ; 0                         ; 0                         ; 0                         ; 0                         ; 0                         ; 0                         ; 0                         ; 0                         ; 0                         ; 0                         ; 0                         ; 0                         ; 1                         ; 0                         ; 0                         ; 0                         ; 0                         ; 0                         ; 0                        ; 0                       ; 0                       ; 1                       ;
; current_state.S_LDA_DIR_7 ; 0                     ; 0                     ; 0                     ; 0                     ; 0                     ; 0                     ; 0                     ; 0                        ; 0                         ; 0                         ; 0                         ; 0                         ; 0                         ; 0                         ; 0                         ; 0                         ; 0                         ; 0                         ; 0                         ; 0                         ; 0                         ; 0                         ; 0                         ; 0                         ; 0                         ; 1                         ; 0                         ; 0                         ; 0                         ; 0                         ; 0                         ; 0                         ; 0                        ; 0                       ; 0                       ; 1                       ;
; current_state.S_LDA_DIR_8 ; 0                     ; 0                     ; 0                     ; 0                     ; 0                     ; 0                     ; 0                     ; 0                        ; 0                         ; 0                         ; 0                         ; 0                         ; 0                         ; 0                         ; 0                         ; 0                         ; 0                         ; 0                         ; 0                         ; 0                         ; 0                         ; 0                         ; 0                         ; 0                         ; 1                         ; 0                         ; 0                         ; 0                         ; 0                         ; 0                         ; 0                         ; 0                         ; 0                        ; 0                       ; 0                       ; 1                       ;
; current_state.S_LDB_IMM_4 ; 0                     ; 0                     ; 0                     ; 0                     ; 0                     ; 0                     ; 0                     ; 0                        ; 0                         ; 0                         ; 0                         ; 0                         ; 0                         ; 0                         ; 0                         ; 0                         ; 0                         ; 0                         ; 0                         ; 0                         ; 0                         ; 0                         ; 0                         ; 1                         ; 0                         ; 0                         ; 0                         ; 0                         ; 0                         ; 0                         ; 0                         ; 0                         ; 0                        ; 0                       ; 0                       ; 1                       ;
; current_state.S_LDB_IMM_5 ; 0                     ; 0                     ; 0                     ; 0                     ; 0                     ; 0                     ; 0                     ; 0                        ; 0                         ; 0                         ; 0                         ; 0                         ; 0                         ; 0                         ; 0                         ; 0                         ; 0                         ; 0                         ; 0                         ; 0                         ; 0                         ; 0                         ; 1                         ; 0                         ; 0                         ; 0                         ; 0                         ; 0                         ; 0                         ; 0                         ; 0                         ; 0                         ; 0                        ; 0                       ; 0                       ; 1                       ;
; current_state.S_LDB_IMM_6 ; 0                     ; 0                     ; 0                     ; 0                     ; 0                     ; 0                     ; 0                     ; 0                        ; 0                         ; 0                         ; 0                         ; 0                         ; 0                         ; 0                         ; 0                         ; 0                         ; 0                         ; 0                         ; 0                         ; 0                         ; 0                         ; 1                         ; 0                         ; 0                         ; 0                         ; 0                         ; 0                         ; 0                         ; 0                         ; 0                         ; 0                         ; 0                         ; 0                        ; 0                       ; 0                       ; 1                       ;
; current_state.S_LDB_DIR_4 ; 0                     ; 0                     ; 0                     ; 0                     ; 0                     ; 0                     ; 0                     ; 0                        ; 0                         ; 0                         ; 0                         ; 0                         ; 0                         ; 0                         ; 0                         ; 0                         ; 0                         ; 0                         ; 0                         ; 0                         ; 1                         ; 0                         ; 0                         ; 0                         ; 0                         ; 0                         ; 0                         ; 0                         ; 0                         ; 0                         ; 0                         ; 0                         ; 0                        ; 0                       ; 0                       ; 1                       ;
; current_state.S_LDB_DIR_5 ; 0                     ; 0                     ; 0                     ; 0                     ; 0                     ; 0                     ; 0                     ; 0                        ; 0                         ; 0                         ; 0                         ; 0                         ; 0                         ; 0                         ; 0                         ; 0                         ; 0                         ; 0                         ; 0                         ; 1                         ; 0                         ; 0                         ; 0                         ; 0                         ; 0                         ; 0                         ; 0                         ; 0                         ; 0                         ; 0                         ; 0                         ; 0                         ; 0                        ; 0                       ; 0                       ; 1                       ;
; current_state.S_LDB_DIR_6 ; 0                     ; 0                     ; 0                     ; 0                     ; 0                     ; 0                     ; 0                     ; 0                        ; 0                         ; 0                         ; 0                         ; 0                         ; 0                         ; 0                         ; 0                         ; 0                         ; 0                         ; 0                         ; 1                         ; 0                         ; 0                         ; 0                         ; 0                         ; 0                         ; 0                         ; 0                         ; 0                         ; 0                         ; 0                         ; 0                         ; 0                         ; 0                         ; 0                        ; 0                       ; 0                       ; 1                       ;
; current_state.S_LDB_DIR_7 ; 0                     ; 0                     ; 0                     ; 0                     ; 0                     ; 0                     ; 0                     ; 0                        ; 0                         ; 0                         ; 0                         ; 0                         ; 0                         ; 0                         ; 0                         ; 0                         ; 0                         ; 1                         ; 0                         ; 0                         ; 0                         ; 0                         ; 0                         ; 0                         ; 0                         ; 0                         ; 0                         ; 0                         ; 0                         ; 0                         ; 0                         ; 0                         ; 0                        ; 0                       ; 0                       ; 1                       ;
; current_state.S_LDB_DIR_8 ; 0                     ; 0                     ; 0                     ; 0                     ; 0                     ; 0                     ; 0                     ; 0                        ; 0                         ; 0                         ; 0                         ; 0                         ; 0                         ; 0                         ; 0                         ; 0                         ; 1                         ; 0                         ; 0                         ; 0                         ; 0                         ; 0                         ; 0                         ; 0                         ; 0                         ; 0                         ; 0                         ; 0                         ; 0                         ; 0                         ; 0                         ; 0                         ; 0                        ; 0                       ; 0                       ; 1                       ;
; current_state.S_STA_DIR_4 ; 0                     ; 0                     ; 0                     ; 0                     ; 0                     ; 0                     ; 0                     ; 0                        ; 0                         ; 0                         ; 0                         ; 0                         ; 0                         ; 0                         ; 0                         ; 1                         ; 0                         ; 0                         ; 0                         ; 0                         ; 0                         ; 0                         ; 0                         ; 0                         ; 0                         ; 0                         ; 0                         ; 0                         ; 0                         ; 0                         ; 0                         ; 0                         ; 0                        ; 0                       ; 0                       ; 1                       ;
; current_state.S_STA_DIR_5 ; 0                     ; 0                     ; 0                     ; 0                     ; 0                     ; 0                     ; 0                     ; 0                        ; 0                         ; 0                         ; 0                         ; 0                         ; 0                         ; 0                         ; 1                         ; 0                         ; 0                         ; 0                         ; 0                         ; 0                         ; 0                         ; 0                         ; 0                         ; 0                         ; 0                         ; 0                         ; 0                         ; 0                         ; 0                         ; 0                         ; 0                         ; 0                         ; 0                        ; 0                       ; 0                       ; 1                       ;
; current_state.S_STA_DIR_6 ; 0                     ; 0                     ; 0                     ; 0                     ; 0                     ; 0                     ; 0                     ; 0                        ; 0                         ; 0                         ; 0                         ; 0                         ; 0                         ; 1                         ; 0                         ; 0                         ; 0                         ; 0                         ; 0                         ; 0                         ; 0                         ; 0                         ; 0                         ; 0                         ; 0                         ; 0                         ; 0                         ; 0                         ; 0                         ; 0                         ; 0                         ; 0                         ; 0                        ; 0                       ; 0                       ; 1                       ;
; current_state.S_STA_DIR_7 ; 0                     ; 0                     ; 0                     ; 0                     ; 0                     ; 0                     ; 0                     ; 0                        ; 0                         ; 0                         ; 0                         ; 0                         ; 1                         ; 0                         ; 0                         ; 0                         ; 0                         ; 0                         ; 0                         ; 0                         ; 0                         ; 0                         ; 0                         ; 0                         ; 0                         ; 0                         ; 0                         ; 0                         ; 0                         ; 0                         ; 0                         ; 0                         ; 0                        ; 0                       ; 0                       ; 1                       ;
; current_state.S_STB_DIR_4 ; 0                     ; 0                     ; 0                     ; 0                     ; 0                     ; 0                     ; 0                     ; 0                        ; 0                         ; 0                         ; 0                         ; 1                         ; 0                         ; 0                         ; 0                         ; 0                         ; 0                         ; 0                         ; 0                         ; 0                         ; 0                         ; 0                         ; 0                         ; 0                         ; 0                         ; 0                         ; 0                         ; 0                         ; 0                         ; 0                         ; 0                         ; 0                         ; 0                        ; 0                       ; 0                       ; 1                       ;
; current_state.S_STB_DIR_5 ; 0                     ; 0                     ; 0                     ; 0                     ; 0                     ; 0                     ; 0                     ; 0                        ; 0                         ; 0                         ; 1                         ; 0                         ; 0                         ; 0                         ; 0                         ; 0                         ; 0                         ; 0                         ; 0                         ; 0                         ; 0                         ; 0                         ; 0                         ; 0                         ; 0                         ; 0                         ; 0                         ; 0                         ; 0                         ; 0                         ; 0                         ; 0                         ; 0                        ; 0                       ; 0                       ; 1                       ;
; current_state.S_STB_DIR_6 ; 0                     ; 0                     ; 0                     ; 0                     ; 0                     ; 0                     ; 0                     ; 0                        ; 0                         ; 1                         ; 0                         ; 0                         ; 0                         ; 0                         ; 0                         ; 0                         ; 0                         ; 0                         ; 0                         ; 0                         ; 0                         ; 0                         ; 0                         ; 0                         ; 0                         ; 0                         ; 0                         ; 0                         ; 0                         ; 0                         ; 0                         ; 0                         ; 0                        ; 0                       ; 0                       ; 1                       ;
; current_state.S_STB_DIR_7 ; 0                     ; 0                     ; 0                     ; 0                     ; 0                     ; 0                     ; 0                     ; 0                        ; 1                         ; 0                         ; 0                         ; 0                         ; 0                         ; 0                         ; 0                         ; 0                         ; 0                         ; 0                         ; 0                         ; 0                         ; 0                         ; 0                         ; 0                         ; 0                         ; 0                         ; 0                         ; 0                         ; 0                         ; 0                         ; 0                         ; 0                         ; 0                         ; 0                        ; 0                       ; 0                       ; 1                       ;
; current_state.S_ADD_AB_4  ; 0                     ; 0                     ; 0                     ; 0                     ; 0                     ; 0                     ; 0                     ; 1                        ; 0                         ; 0                         ; 0                         ; 0                         ; 0                         ; 0                         ; 0                         ; 0                         ; 0                         ; 0                         ; 0                         ; 0                         ; 0                         ; 0                         ; 0                         ; 0                         ; 0                         ; 0                         ; 0                         ; 0                         ; 0                         ; 0                         ; 0                         ; 0                         ; 0                        ; 0                       ; 0                       ; 1                       ;
; current_state.S_BRA_4     ; 0                     ; 0                     ; 0                     ; 0                     ; 0                     ; 0                     ; 1                     ; 0                        ; 0                         ; 0                         ; 0                         ; 0                         ; 0                         ; 0                         ; 0                         ; 0                         ; 0                         ; 0                         ; 0                         ; 0                         ; 0                         ; 0                         ; 0                         ; 0                         ; 0                         ; 0                         ; 0                         ; 0                         ; 0                         ; 0                         ; 0                         ; 0                         ; 0                        ; 0                       ; 0                       ; 1                       ;
; current_state.S_BRA_5     ; 0                     ; 0                     ; 0                     ; 0                     ; 0                     ; 1                     ; 0                     ; 0                        ; 0                         ; 0                         ; 0                         ; 0                         ; 0                         ; 0                         ; 0                         ; 0                         ; 0                         ; 0                         ; 0                         ; 0                         ; 0                         ; 0                         ; 0                         ; 0                         ; 0                         ; 0                         ; 0                         ; 0                         ; 0                         ; 0                         ; 0                         ; 0                         ; 0                        ; 0                       ; 0                       ; 1                       ;
; current_state.S_BRA_6     ; 0                     ; 0                     ; 0                     ; 0                     ; 1                     ; 0                     ; 0                     ; 0                        ; 0                         ; 0                         ; 0                         ; 0                         ; 0                         ; 0                         ; 0                         ; 0                         ; 0                         ; 0                         ; 0                         ; 0                         ; 0                         ; 0                         ; 0                         ; 0                         ; 0                         ; 0                         ; 0                         ; 0                         ; 0                         ; 0                         ; 0                         ; 0                         ; 0                        ; 0                       ; 0                       ; 1                       ;
; current_state.S_BEQ_4     ; 0                     ; 0                     ; 0                     ; 1                     ; 0                     ; 0                     ; 0                     ; 0                        ; 0                         ; 0                         ; 0                         ; 0                         ; 0                         ; 0                         ; 0                         ; 0                         ; 0                         ; 0                         ; 0                         ; 0                         ; 0                         ; 0                         ; 0                         ; 0                         ; 0                         ; 0                         ; 0                         ; 0                         ; 0                         ; 0                         ; 0                         ; 0                         ; 0                        ; 0                       ; 0                       ; 1                       ;
; current_state.S_BEQ_5     ; 0                     ; 0                     ; 1                     ; 0                     ; 0                     ; 0                     ; 0                     ; 0                        ; 0                         ; 0                         ; 0                         ; 0                         ; 0                         ; 0                         ; 0                         ; 0                         ; 0                         ; 0                         ; 0                         ; 0                         ; 0                         ; 0                         ; 0                         ; 0                         ; 0                         ; 0                         ; 0                         ; 0                         ; 0                         ; 0                         ; 0                         ; 0                         ; 0                        ; 0                       ; 0                       ; 1                       ;
; current_state.S_BEQ_6     ; 0                     ; 1                     ; 0                     ; 0                     ; 0                     ; 0                     ; 0                     ; 0                        ; 0                         ; 0                         ; 0                         ; 0                         ; 0                         ; 0                         ; 0                         ; 0                         ; 0                         ; 0                         ; 0                         ; 0                         ; 0                         ; 0                         ; 0                         ; 0                         ; 0                         ; 0                         ; 0                         ; 0                         ; 0                         ; 0                         ; 0                         ; 0                         ; 0                        ; 0                       ; 0                       ; 1                       ;
; current_state.S_BEQ_7     ; 1                     ; 0                     ; 0                     ; 0                     ; 0                     ; 0                     ; 0                     ; 0                        ; 0                         ; 0                         ; 0                         ; 0                         ; 0                         ; 0                         ; 0                         ; 0                         ; 0                         ; 0                         ; 0                         ; 0                         ; 0                         ; 0                         ; 0                         ; 0                         ; 0                         ; 0                         ; 0                         ; 0                         ; 0                         ; 0                         ; 0                         ; 0                         ; 0                        ; 0                       ; 0                       ; 1                       ;
+---------------------------+-----------------------+-----------------------+-----------------------+-----------------------+-----------------------+-----------------------+-----------------------+--------------------------+---------------------------+---------------------------+---------------------------+---------------------------+---------------------------+---------------------------+---------------------------+---------------------------+---------------------------+---------------------------+---------------------------+---------------------------+---------------------------+---------------------------+---------------------------+---------------------------+---------------------------+---------------------------+---------------------------+---------------------------+---------------------------+---------------------------+---------------------------+---------------------------+--------------------------+-------------------------+-------------------------+-------------------------+


+--------------------------------------------------------------------------------------------------------+
; User-Specified and Inferred Latches                                                                    ;
+----------------------------------------------------+--------------------------+------------------------+
; Latch Name                                         ; Latch Enable Signal      ; Free of Timing Hazards ;
+----------------------------------------------------+--------------------------+------------------------+
; control_unit:U1|PC_Inc                             ; control_unit:U1|WideNor0 ; yes                    ;
; control_unit:U1|Bus2_Sel[0]                        ; control_unit:U1|WideNor0 ; yes                    ;
; control_unit:U1|MAR_Load                           ; control_unit:U1|WideNor0 ; yes                    ;
; control_unit:U1|next_state.S_FETCH_1_871           ; GND                      ; yes                    ;
; control_unit:U1|next_state.S_FETCH_0_880           ; GND                      ; yes                    ;
; control_unit:U1|next_state.S_FETCH_2_862           ; GND                      ; yes                    ;
; control_unit:U1|next_state.S_DECODE_3_853          ; GND                      ; yes                    ;
; Number of user-specified and inferred latches = 7  ;                          ;                        ;
+----------------------------------------------------+--------------------------+------------------------+
Note: All latches listed above may not be present at the end of synthesis due to various synthesis optimizations.


+-----------------------------------------------------------------------------------------+
; Registers Removed During Synthesis                                                      ;
+-------------------------------------------+---------------------------------------------+
; Register name                             ; Reason for Removal                          ;
+-------------------------------------------+---------------------------------------------+
; data_path:U2|A[0..7]                      ; Stuck at GND due to stuck port clock_enable ;
; data_path:U2|B[0..7]                      ; Stuck at GND due to stuck port clock_enable ;
; control_unit:U1|current_state.S_LDA_IMM_4 ; Lost fanout                                 ;
; control_unit:U1|current_state.S_LDA_IMM_5 ; Lost fanout                                 ;
; control_unit:U1|current_state.S_LDA_IMM_6 ; Lost fanout                                 ;
; control_unit:U1|current_state.S_LDA_DIR_4 ; Lost fanout                                 ;
; control_unit:U1|current_state.S_LDA_DIR_5 ; Lost fanout                                 ;
; control_unit:U1|current_state.S_LDA_DIR_6 ; Lost fanout                                 ;
; control_unit:U1|current_state.S_LDA_DIR_7 ; Lost fanout                                 ;
; control_unit:U1|current_state.S_LDA_DIR_8 ; Lost fanout                                 ;
; control_unit:U1|current_state.S_LDB_IMM_4 ; Lost fanout                                 ;
; control_unit:U1|current_state.S_LDB_IMM_5 ; Lost fanout                                 ;
; control_unit:U1|current_state.S_LDB_IMM_6 ; Lost fanout                                 ;
; control_unit:U1|current_state.S_LDB_DIR_4 ; Lost fanout                                 ;
; control_unit:U1|current_state.S_LDB_DIR_5 ; Lost fanout                                 ;
; control_unit:U1|current_state.S_LDB_DIR_6 ; Lost fanout                                 ;
; control_unit:U1|current_state.S_LDB_DIR_7 ; Lost fanout                                 ;
; control_unit:U1|current_state.S_LDB_DIR_8 ; Lost fanout                                 ;
; control_unit:U1|current_state.S_STA_DIR_4 ; Lost fanout                                 ;
; control_unit:U1|current_state.S_STA_DIR_5 ; Lost fanout                                 ;
; control_unit:U1|current_state.S_STA_DIR_6 ; Lost fanout                                 ;
; control_unit:U1|current_state.S_STA_DIR_7 ; Lost fanout                                 ;
; control_unit:U1|current_state.S_STB_DIR_4 ; Lost fanout                                 ;
; control_unit:U1|current_state.S_STB_DIR_5 ; Lost fanout                                 ;
; control_unit:U1|current_state.S_STB_DIR_6 ; Lost fanout                                 ;
; control_unit:U1|current_state.S_STB_DIR_7 ; Lost fanout                                 ;
; control_unit:U1|current_state.S_ADD_AB_4  ; Lost fanout                                 ;
; control_unit:U1|current_state.S_BRA_4     ; Lost fanout                                 ;
; control_unit:U1|current_state.S_BRA_5     ; Lost fanout                                 ;
; control_unit:U1|current_state.S_BRA_6     ; Lost fanout                                 ;
; control_unit:U1|current_state.S_BEQ_4     ; Lost fanout                                 ;
; control_unit:U1|current_state.S_BEQ_5     ; Lost fanout                                 ;
; control_unit:U1|current_state.S_BEQ_6     ; Lost fanout                                 ;
; control_unit:U1|current_state.S_BEQ_7     ; Lost fanout                                 ;
; Total Number of Removed Registers = 48    ;                                             ;
+-------------------------------------------+---------------------------------------------+


+------------------------------------------------------+
; General Register Statistics                          ;
+----------------------------------------------+-------+
; Statistic                                    ; Value ;
+----------------------------------------------+-------+
; Total registers                              ; 20    ;
; Number of registers using Synchronous Clear  ; 0     ;
; Number of registers using Synchronous Load   ; 0     ;
; Number of registers using Asynchronous Clear ; 20    ;
; Number of registers using Asynchronous Load  ; 0     ;
; Number of registers using Clock Enable       ; 15    ;
; Number of registers using Preset             ; 0     ;
+----------------------------------------------+-------+


+---------------------------------------------------------------------------------------------------------------------------------------------------------+
; Multiplexer Restructuring Statistics (Restructuring Performed)                                                                                          ;
+--------------------+-----------+---------------+----------------------+------------------------+------------+-------------------------------------------+
; Multiplexer Inputs ; Bus Width ; Baseline Area ; Area if Restructured ; Saving if Restructured ; Registered ; Example Multiplexer Output                ;
+--------------------+-----------+---------------+----------------------+------------------------+------------+-------------------------------------------+
; 3:1                ; 2 bits    ; 4 LEs         ; 2 LEs                ; 2 LEs                  ; No         ; |cpu|control_unit:U1|next_state.S_FETCH_0 ;
+--------------------+-----------+---------------+----------------------+------------------------+------------+-------------------------------------------+


+-------------------------------+
; Elapsed Time Per Partition    ;
+----------------+--------------+
; Partition Name ; Elapsed Time ;
+----------------+--------------+
; Top            ; 00:00:00     ;
+----------------+--------------+


+-------------------------------+
; Analysis & Synthesis Messages ;
+-------------------------------+
Info: *******************************************************************
Info: Running Quartus II 64-Bit Analysis & Synthesis
    Info: Version 13.1.0 Build 162 10/23/2013 SJ Web Edition
    Info: Processing started: Wed Mar 31 07:50:41 2021
Info: Command: quartus_map --read_settings_files=on --write_settings_files=off cpu -c cpu
Info (11104): Parallel Compilation has detected 8 hyper-threaded processors. However, the extra hyper-threaded processors will not be used by default. Parallel Compilation will use 4 of the 4 physical processors detected instead.
Info (12021): Found 2 design units, including 1 entities, in source file /altera/13.1/digitales2/proyecto1/alu/alu.vhd
    Info (12022): Found design unit 1: alu-ALU_ARCH
    Info (12023): Found entity 1: alu
Info (12021): Found 2 design units, including 1 entities, in source file /altera/13.1/digitales2/proyecto1/data_path/data_path.vhd
    Info (12022): Found design unit 1: data_path-DPath
    Info (12023): Found entity 1: data_path
Info (12021): Found 2 design units, including 1 entities, in source file /altera/13.1/digitales2/proyecto1/control_unit/control_unit.vhd
    Info (12022): Found design unit 1: control_unit-CU_Arch
    Info (12023): Found entity 1: control_unit
Info (12021): Found 2 design units, including 1 entities, in source file cpu.vhd
    Info (12022): Found design unit 1: cpu-cpu_Arch
    Info (12023): Found entity 1: cpu
Info (12127): Elaborating entity "cpu" for the top level hierarchy
Info (12128): Elaborating entity "control_unit" for hierarchy "control_unit:U1"
Warning (10541): VHDL Signal Declaration warning at control_unit.vhd(30): used implicit default value for signal "LDA_IMM" because signal was never assigned a value or an explicit default value. Use of implicit default value may introduce unintended design optimizations.
Warning (10541): VHDL Signal Declaration warning at control_unit.vhd(30): used implicit default value for signal "LDA_DIR" because signal was never assigned a value or an explicit default value. Use of implicit default value may introduce unintended design optimizations.
Warning (10541): VHDL Signal Declaration warning at control_unit.vhd(30): used implicit default value for signal "STA_DIR" because signal was never assigned a value or an explicit default value. Use of implicit default value may introduce unintended design optimizations.
Warning (10541): VHDL Signal Declaration warning at control_unit.vhd(30): used implicit default value for signal "ADD_AB" because signal was never assigned a value or an explicit default value. Use of implicit default value may introduce unintended design optimizations.
Warning (10541): VHDL Signal Declaration warning at control_unit.vhd(30): used implicit default value for signal "BRA" because signal was never assigned a value or an explicit default value. Use of implicit default value may introduce unintended design optimizations.
Warning (10541): VHDL Signal Declaration warning at control_unit.vhd(30): used implicit default value for signal "BEQ" because signal was never assigned a value or an explicit default value. Use of implicit default value may introduce unintended design optimizations.
Warning (10492): VHDL Process Statement warning at control_unit.vhd(51): signal "LDA_IMM" is read inside the Process Statement but isn't in the Process Statement's sensitivity list
Warning (10492): VHDL Process Statement warning at control_unit.vhd(53): signal "LDA_DIR" is read inside the Process Statement but isn't in the Process Statement's sensitivity list
Warning (10492): VHDL Process Statement warning at control_unit.vhd(55): signal "STA_DIR" is read inside the Process Statement but isn't in the Process Statement's sensitivity list
Warning (10492): VHDL Process Statement warning at control_unit.vhd(57): signal "ADD_AB" is read inside the Process Statement but isn't in the Process Statement's sensitivity list
Warning (10492): VHDL Process Statement warning at control_unit.vhd(59): signal "BRA" is read inside the Process Statement but isn't in the Process Statement's sensitivity list
Warning (10492): VHDL Process Statement warning at control_unit.vhd(61): signal "BEQ" is read inside the Process Statement but isn't in the Process Statement's sensitivity list
Warning (10492): VHDL Process Statement warning at control_unit.vhd(63): signal "BEQ" is read inside the Process Statement but isn't in the Process Statement's sensitivity list
Warning (10631): VHDL Process Statement warning at control_unit.vhd(41): inferring latch(es) for signal or variable "next_state", which holds its previous value in one or more paths through the process
Warning (10631): VHDL Process Statement warning at control_unit.vhd(72): inferring latch(es) for signal or variable "IR_Load", which holds its previous value in one or more paths through the process
Warning (10631): VHDL Process Statement warning at control_unit.vhd(72): inferring latch(es) for signal or variable "MAR_Load", which holds its previous value in one or more paths through the process
Warning (10631): VHDL Process Statement warning at control_unit.vhd(72): inferring latch(es) for signal or variable "PC_Load", which holds its previous value in one or more paths through the process
Warning (10631): VHDL Process Statement warning at control_unit.vhd(72): inferring latch(es) for signal or variable "PC_Inc", which holds its previous value in one or more paths through the process
Warning (10631): VHDL Process Statement warning at control_unit.vhd(72): inferring latch(es) for signal or variable "A_Load", which holds its previous value in one or more paths through the process
Warning (10631): VHDL Process Statement warning at control_unit.vhd(72): inferring latch(es) for signal or variable "B_Load", which holds its previous value in one or more paths through the process
Warning (10631): VHDL Process Statement warning at control_unit.vhd(72): inferring latch(es) for signal or variable "ALU_Sel", which holds its previous value in one or more paths through the process
Warning (10631): VHDL Process Statement warning at control_unit.vhd(72): inferring latch(es) for signal or variable "CCR_Load", which holds its previous value in one or more paths through the process
Warning (10631): VHDL Process Statement warning at control_unit.vhd(72): inferring latch(es) for signal or variable "Bus1_Sel", which holds its previous value in one or more paths through the process
Warning (10631): VHDL Process Statement warning at control_unit.vhd(72): inferring latch(es) for signal or variable "Bus2_Sel", which holds its previous value in one or more paths through the process
Warning (10631): VHDL Process Statement warning at control_unit.vhd(72): inferring latch(es) for signal or variable "writen", which holds its previous value in one or more paths through the process
Info (10041): Inferred latch for "writen" at control_unit.vhd(72)
Info (10041): Inferred latch for "Bus2_Sel[0]" at control_unit.vhd(72)
Info (10041): Inferred latch for "Bus2_Sel[1]" at control_unit.vhd(72)
Info (10041): Inferred latch for "Bus1_Sel[0]" at control_unit.vhd(72)
Info (10041): Inferred latch for "Bus1_Sel[1]" at control_unit.vhd(72)
Info (10041): Inferred latch for "CCR_Load" at control_unit.vhd(72)
Info (10041): Inferred latch for "ALU_Sel[0]" at control_unit.vhd(72)
Info (10041): Inferred latch for "ALU_Sel[1]" at control_unit.vhd(72)
Info (10041): Inferred latch for "ALU_Sel[2]" at control_unit.vhd(72)
Info (10041): Inferred latch for "B_Load" at control_unit.vhd(72)
Info (10041): Inferred latch for "A_Load" at control_unit.vhd(72)
Info (10041): Inferred latch for "PC_Inc" at control_unit.vhd(72)
Info (10041): Inferred latch for "PC_Load" at control_unit.vhd(72)
Info (10041): Inferred latch for "MAR_Load" at control_unit.vhd(72)
Info (10041): Inferred latch for "IR_Load" at control_unit.vhd(72)
Info (10041): Inferred latch for "next_state.S_BEQ_7" at control_unit.vhd(41)
Info (10041): Inferred latch for "next_state.S_BEQ_6" at control_unit.vhd(41)
Info (10041): Inferred latch for "next_state.S_BEQ_5" at control_unit.vhd(41)
Info (10041): Inferred latch for "next_state.S_BEQ_4" at control_unit.vhd(41)
Info (10041): Inferred latch for "next_state.S_BRA_6" at control_unit.vhd(41)
Info (10041): Inferred latch for "next_state.S_BRA_5" at control_unit.vhd(41)
Info (10041): Inferred latch for "next_state.S_BRA_4" at control_unit.vhd(41)
Info (10041): Inferred latch for "next_state.S_ADD_AB_4" at control_unit.vhd(41)
Info (10041): Inferred latch for "next_state.S_STB_DIR_7" at control_unit.vhd(41)
Info (10041): Inferred latch for "next_state.S_STB_DIR_6" at control_unit.vhd(41)
Info (10041): Inferred latch for "next_state.S_STB_DIR_5" at control_unit.vhd(41)
Info (10041): Inferred latch for "next_state.S_STB_DIR_4" at control_unit.vhd(41)
Info (10041): Inferred latch for "next_state.S_STA_DIR_7" at control_unit.vhd(41)
Info (10041): Inferred latch for "next_state.S_STA_DIR_6" at control_unit.vhd(41)
Info (10041): Inferred latch for "next_state.S_STA_DIR_5" at control_unit.vhd(41)
Info (10041): Inferred latch for "next_state.S_STA_DIR_4" at control_unit.vhd(41)
Info (10041): Inferred latch for "next_state.S_LDB_DIR_8" at control_unit.vhd(41)
Info (10041): Inferred latch for "next_state.S_LDB_DIR_7" at control_unit.vhd(41)
Info (10041): Inferred latch for "next_state.S_LDB_DIR_6" at control_unit.vhd(41)
Info (10041): Inferred latch for "next_state.S_LDB_DIR_5" at control_unit.vhd(41)
Info (10041): Inferred latch for "next_state.S_LDB_DIR_4" at control_unit.vhd(41)
Info (10041): Inferred latch for "next_state.S_LDB_IMM_6" at control_unit.vhd(41)
Info (10041): Inferred latch for "next_state.S_LDB_IMM_5" at control_unit.vhd(41)
Info (10041): Inferred latch for "next_state.S_LDB_IMM_4" at control_unit.vhd(41)
Info (10041): Inferred latch for "next_state.S_LDA_DIR_8" at control_unit.vhd(41)
Info (10041): Inferred latch for "next_state.S_LDA_DIR_7" at control_unit.vhd(41)
Info (10041): Inferred latch for "next_state.S_LDA_DIR_6" at control_unit.vhd(41)
Info (10041): Inferred latch for "next_state.S_LDA_DIR_5" at control_unit.vhd(41)
Info (10041): Inferred latch for "next_state.S_LDA_DIR_4" at control_unit.vhd(41)
Info (10041): Inferred latch for "next_state.S_LDA_IMM_6" at control_unit.vhd(41)
Info (10041): Inferred latch for "next_state.S_LDA_IMM_5" at control_unit.vhd(41)
Info (10041): Inferred latch for "next_state.S_LDA_IMM_4" at control_unit.vhd(41)
Info (10041): Inferred latch for "next_state.S_DECODE_3" at control_unit.vhd(41)
Info (10041): Inferred latch for "next_state.S_FETCH_2" at control_unit.vhd(41)
Info (10041): Inferred latch for "next_state.S_FETCH_1" at control_unit.vhd(41)
Info (10041): Inferred latch for "next_state.S_FETCH_0" at control_unit.vhd(41)
Info (12128): Elaborating entity "data_path" for hierarchy "data_path:U2"
Info (12128): Elaborating entity "alu" for hierarchy "data_path:U2|alu:U1"
Warning (10631): VHDL Process Statement warning at alu.vhd(14): inferring latch(es) for signal or variable "Result", which holds its previous value in one or more paths through the process
Warning (10631): VHDL Process Statement warning at alu.vhd(14): inferring latch(es) for signal or variable "NZVC", which holds its previous value in one or more paths through the process
Info (10041): Inferred latch for "NZVC[0]" at alu.vhd(14)
Info (10041): Inferred latch for "NZVC[1]" at alu.vhd(14)
Info (10041): Inferred latch for "NZVC[2]" at alu.vhd(14)
Info (10041): Inferred latch for "NZVC[3]" at alu.vhd(14)
Info (10041): Inferred latch for "Result[0]" at alu.vhd(14)
Info (10041): Inferred latch for "Result[1]" at alu.vhd(14)
Info (10041): Inferred latch for "Result[2]" at alu.vhd(14)
Info (10041): Inferred latch for "Result[3]" at alu.vhd(14)
Info (10041): Inferred latch for "Result[4]" at alu.vhd(14)
Info (10041): Inferred latch for "Result[5]" at alu.vhd(14)
Info (10041): Inferred latch for "Result[6]" at alu.vhd(14)
Info (10041): Inferred latch for "Result[7]" at alu.vhd(14)
Info (13025): Duplicate LATCH primitives merged into single LATCH primitive
    Info (13026): Duplicate LATCH primitive "control_unit:U1|MAR_Load" merged with LATCH primitive "control_unit:U1|Bus2_Sel[0]"
Warning (13012): Latch control_unit:U1|PC_Inc has unsafe behavior
    Warning (13013): Ports D and ENA on the latch are fed by the same signal control_unit:U1|current_state.S_FETCH_1
Warning (13012): Latch control_unit:U1|Bus2_Sel[0] has unsafe behavior
    Warning (13013): Ports D and ENA on the latch are fed by the same signal control_unit:U1|current_state.S_FETCH_1
Warning (13024): Output pins are stuck at VCC or GND
    Warning (13410): Pin "writen" is stuck at GND
Info (286030): Timing-Driven Synthesis is running
Info (17049): 32 registers lost all their fanouts during netlist optimizations.
Info (16010): Generating hard_block partition "hard_block:auto_generated_inst"
    Info (16011): Adding 0 node(s), including 0 DDIO, 0 PLL, 0 transceiver and 0 LCELL
Warning (21074): Design contains 8 input pin(s) that do not drive logic
    Warning (15610): No output dependent on input pin "from_memory[0]"
    Warning (15610): No output dependent on input pin "from_memory[1]"
    Warning (15610): No output dependent on input pin "from_memory[2]"
    Warning (15610): No output dependent on input pin "from_memory[3]"
    Warning (15610): No output dependent on input pin "from_memory[4]"
    Warning (15610): No output dependent on input pin "from_memory[5]"
    Warning (15610): No output dependent on input pin "from_memory[6]"
    Warning (15610): No output dependent on input pin "from_memory[7]"
Info (21057): Implemented 59 device resources after synthesis - the final resource count might be different
    Info (21058): Implemented 10 input pins
    Info (21059): Implemented 17 output pins
    Info (21061): Implemented 32 logic cells
Info: Quartus II 64-Bit Analysis & Synthesis was successful. 0 errors, 42 warnings
    Info: Peak virtual memory: 4683 megabytes
    Info: Processing ended: Wed Mar 31 07:50:43 2021
    Info: Elapsed time: 00:00:02
    Info: Total CPU time (on all processors): 00:00:02


